<?xml version="1.0" encoding="UTF-8"?>
<!-- Generated by org.testng.reporters.JUnitReportReporter -->
<testsuite hostname="PAVAN09FA" failures="0" tests="1" name="testCases.TC_002_LoginTest" time="1.982" errors="0" timestamp="2023-12-05T13:01:26 IST" skipped="0">
  <testcase classname="testCases.TC_002_LoginTest" name="verify_login" time="1.982"/>
</testsuite> <!-- testCases.TC_002_LoginTest -->
