<?xml version="1.0" encoding="UTF-8"?>
<!-- Generated by org.testng.reporters.JUnitReportReporter -->
<testsuite hostname="PAVAN09FA" failures="0" tests="2" name="testCases.TC_006_EndToEndTest" time="84.036" errors="0" timestamp="2023-12-05T12:04:53 IST" skipped="0">
  <testcase classname="testCases.TC_006_EndToEndTest" name="endToendTest" time="44.917"/>
  <testcase classname="testCases.TC_006_EndToEndTest" name="endToendTest" time="39.119"/>
</testsuite> <!-- testCases.TC_006_EndToEndTest -->
