<?xml version="1.0" encoding="UTF-8"?>
<!-- Generated by org.testng.reporters.JUnitReportReporter -->
<testsuite hostname="PAVAN09FA" failures="0" tests="2" name="testCases.TC_004_SearchProductTest" time="3.435" errors="0" timestamp="2023-12-05T12:04:53 IST" skipped="0">
  <testcase classname="testCases.TC_004_SearchProductTest" name="verify_pruductSearch" time="1.722"/>
  <testcase classname="testCases.TC_004_SearchProductTest" name="verify_pruductSearch" time="1.713"/>
</testsuite> <!-- testCases.TC_004_SearchProductTest -->
