<?xml version="1.0" encoding="UTF-8"?>
<!-- Generated by org.testng.reporters.JUnitReportReporter -->
<testsuite hostname="PAVAN09FA" failures="0" tests="1" name="testCases.TC_001_AccountRegistrationTest" time="4.503" errors="0" timestamp="2023-12-05T12:51:14 IST" skipped="0">
  <testcase classname="testCases.TC_001_AccountRegistrationTest" name="verify_account_registration" time="4.503"/>
</testsuite> <!-- testCases.TC_001_AccountRegistrationTest -->
