<?xml version="1.0" encoding="UTF-8"?>
<!-- Generated by org.testng.reporters.JUnitReportReporter -->
<testsuite hostname="PAVAN09FA" failures="0" tests="2" name="testCases.TC_005_AddToCartPageTest" time="5.458" errors="0" timestamp="2023-12-05T12:04:53 IST" skipped="0">
  <testcase classname="testCases.TC_005_AddToCartPageTest" name="verify_addToCart" time="1.598"/>
  <testcase classname="testCases.TC_005_AddToCartPageTest" name="verify_addToCart" time="3.860"/>
</testsuite> <!-- testCases.TC_005_AddToCartPageTest -->
